Autotest: Begin at Mon Mar 30 21:11:07 CST 2020
Begin build at Mon Mar 30 21:11:08 CST 2020
Cleanning the project.................

for d in boot drivers init lib mm;	\
		do					\
			make --directory=$d clean; \
		done; \
	rm -rf *.o *~ gxemul/vmlinux
make[1]: Entering directory `/usr/src/workdir/boot'
rm -rf *~ *.o
make[1]: Leaving directory `/usr/src/workdir/boot'
make[1]: Entering directory `/usr/src/workdir/drivers'
for d in gxconsole; \
		do				\
			make --directory=$d clean; \
		done
make[2]: Entering directory `/usr/src/workdir/drivers/gxconsole'
rm -rf *.o *~
make[2]: Leaving directory `/usr/src/workdir/drivers/gxconsole'
make[1]: Leaving directory `/usr/src/workdir/drivers'
make[1]: Entering directory `/usr/src/workdir/init'
rm -rf *~ *.o
make[1]: Leaving directory `/usr/src/workdir/init'
make[1]: Entering directory `/usr/src/workdir/lib'
rm -rf *~ *.o
make[1]: Leaving directory `/usr/src/workdir/lib'
make[1]: Entering directory `/usr/src/workdir/mm'
rm -rf *~ *.o
make[1]: Leaving directory `/usr/src/workdir/mm'

Building the project..................

make --directory=boot
make[1]: Entering directory `/usr/src/workdir/boot'
/OSLAB/compiler/usr/bin/mips_4KC-gcc -O -G 0 -mno-abicalls -fno-builtin -Wa,-xgot -Wall -fPIC -march=r3000 -I../include/ -c start.S 
make[1]: Leaving directory `/usr/src/workdir/boot'
make --directory=drivers
make[1]: Entering directory `/usr/src/workdir/drivers'
make --directory=gxconsole
make[2]: Entering directory `/usr/src/workdir/drivers/gxconsole'
/OSLAB/compiler/usr/bin/mips_4KC-gcc -O -G 0 -mno-abicalls -fno-builtin -Wa,-xgot -Wall -fPIC -march=r3000   -c -o console.o console.c
make[2]: Leaving directory `/usr/src/workdir/drivers/gxconsole'
make[1]: Leaving directory `/usr/src/workdir/drivers'
make --directory=init
make[1]: Entering directory `/usr/src/workdir/init'
/OSLAB/compiler/usr/bin/mips_4KC-gcc -O -G 0 -mno-abicalls -fno-builtin -Wa,-xgot -Wall -fPIC -march=r3000 -I../include -c init.c
/OSLAB/compiler/usr/bin/mips_4KC-gcc -O -G 0 -mno-abicalls -fno-builtin -Wa,-xgot -Wall -fPIC -march=r3000 -I../include -c main.c
make[1]: Leaving directory `/usr/src/workdir/init'
make --directory=lib
make[1]: Entering directory `/usr/src/workdir/lib'
/OSLAB/compiler/usr/bin/mips_4KC-gcc -O -G 0 -mno-abicalls -fno-builtin -Wa,-xgot -Wall -fPIC -march=r3000 -I./ -I../ -I../include/ -c print.c
/OSLAB/compiler/usr/bin/mips_4KC-gcc -O -G 0 -mno-abicalls -fno-builtin -Wa,-xgot -Wall -fPIC -march=r3000 -I./ -I../ -I../include/ -c printf.c
/OSLAB/compiler/usr/bin/mips_4KC-gcc -O -G 0 -mno-abicalls -fno-builtin -Wa,-xgot -Wall -fPIC -march=r3000 -I./ -I../ -I../include/ -c env.c
/OSLAB/compiler/usr/bin/mips_4KC-gcc -O -G 0 -mno-abicalls -fno-builtin -Wa,-xgot -Wall -fPIC -march=r3000 -I./ -I../ -I../include/ -c genex.S
genex.S: Assembler messages:
genex.S:53: Warning: .ent or .aent not in text section.
genex.S:69: Warning: .end not in text section
genex.S:75: Warning: .ent or .aent not in text section.
genex.S:76: Warning: .end not in text section
genex.S:80: Warning: .ent or .aent not in text section.
genex.S:146: Warning: .end not in text section
genex.S:150: Warning: .ent or .aent not in text section.
genex.S:150: Warning: .end not in text section
genex.S:151: Warning: .ent or .aent not in text section.
genex.S:151: Warning: .end not in text section
make[1]: Leaving directory `/usr/src/workdir/lib'
make --directory=mm
make[1]: Entering directory `/usr/src/workdir/mm'
/OSLAB/compiler/usr/bin/mips_4KC-gcc -O -G 0 -mno-abicalls -fno-builtin -Wa,-xgot -Wall -fPIC -march=r3000 -I./ -I../ -I../include/ -c pmap.c
pmap.c: In function 'boot_pgdir_walk':
pmap.c:91: warning: unused variable 'pgtable_entry'
pmap.c:91: warning: unused variable 'pgtable'
pmap.c:90: warning: unused variable 'pgdir_entryp'
pmap.c:102: warning: control reaches end of non-void function
pmap.c: In function 'boot_map_segment':
pmap.c:115: warning: unused variable 'pgtable_entry'
pmap.c:114: warning: unused variable 'va_temp'
pmap.c:114: warning: unused variable 'i'
pmap.c: In function 'page_init':
pmap.c:172: error: invalid type argument of '->'
pmap.c:179: error: 'for' loop initial declaration used outside C99 mode
pmap.c:185: error: redefinition of 'i'
pmap.c:179: error: previous definition of 'i' was here
pmap.c:185: error: 'for' loop initial declaration used outside C99 mode
pmap.c:188: error: invalid type argument of '->'
pmap.c:188: error: invalid type argument of '->'
pmap.c:188: error: invalid type argument of '->'
pmap.c:188: error: invalid type argument of '->'
pmap.c:188: error: invalid type argument of '->'
pmap.c:188: error: invalid type argument of '->'
pmap.c:188: error: invalid type argument of '->'
pmap.c: In function 'page_alloc':
pmap.c:211: error: invalid type argument of '->'
pmap.c:216: error: invalid type argument of '->'
pmap.c:217: error: invalid type argument of '->'
pmap.c:217: error: invalid type argument of '->'
pmap.c:217: error: invalid type argument of '->'
pmap.c:217: error: invalid type argument of '->'
pmap.c:217: error: invalid type argument of '->'
pmap.c:221: warning: passing argument 1 of 'bzero' makes pointer from integer without a cast
pmap.c: In function 'page_free':
pmap.c:239: error: invalid type argument of '->'
pmap.c:239: error: invalid type argument of '->'
pmap.c:239: error: invalid type argument of '->'
pmap.c:239: error: invalid type argument of '->'
pmap.c: In function 'pgdir_walk':
pmap.c:268: warning: unused variable 'ppage'
pmap.c:267: warning: unused variable 'pgtable'
pmap.c:266: warning: unused variable 'pgdir_entryp'
make[1]: *** [pmap.o] Error 1
make[1]: Leaving directory `/usr/src/workdir/mm'
make: *** [mm] Error 2
Compile Error!

End build at Mon Mar 30 21:11:10 CST 2020
[31m[01m[ There is something wrong with your vmlinx. ][0m
[33m[01m[ You got 0 (of 100) this time. Mon Mar 30 21:11:10 CST 2020 ][0m
