Autotest: Begin at Sun Mar  8 14:13:13 CST 2020
[32m[ You have passed bash testcase3 1/2 ][0m
[32m[ You have passed bash testcase3 2/2 ][0m
[32m[ File1~40 all exist.You have passed bash testcase5 1/3 ][0m
[32m[ Newfile41~70 all exist.You have passed bash testcase5 2/3 ][0m
[32m[ File41~100 don't exist.You have passed bash testcase5 3/3 ][0m
[32m[ You have passed bash testcase6 1/2 ][0m
[32m[ You have passed bash testcase6 2/2 ][0m
[32m[ You have passed bash testcase7 1/2 ][0m
[32m[ You have passed bash testcase7 2/2 ][0m
[32m[ Makefile found.You hace passed testcase4 ][0m
gcc -o palindrome palindrome.c
[32m[ palindrome found. You hace passed testcase2. ][0m
[32m[ You have passed palindrome testcase1 1/3 ][0m
[32m[ You have passed palindrome testcase1 2/3 ][0m
[32m[ You have passed palindrome testcase1 3/3 ][0m
[33m[01m[ Start to testcase8 ][0m
[32m[ Makefile found. ][0m
cc    -c -o code/fibo.o code/fibo.c
code/fibo.c:1:18: fatal error: fibo.h: No such file or directory
 #include <fibo.h>
                  ^
compilation terminated.
make: *** [code/fibo.o] Error 1
<builtin>: recipe for target 'code/fibo.o' failed
[31m[01m[ cannot find your fibo ][0m
[33m[01m[ You got 87 (of 100) this time. Sun Mar  8 14:13:23 CST 2020 ][0m
